<?xml version="1.0" encoding="UTF-8" standalone="yes"?><!DOCTYPE report PUBLIC "-//JACOCO//DTD Report 1.1//EN" "report.dtd"><report name="Assignment2"><sessioninfo id="Avas-MacBook-Air-3.local-8cb2c2b9" start="1760999447275" dump="1760999447584"/><sessioninfo id="Avas-MacBook-Air-3.local-7e3215c3" start="1761000114491" dump="1761000114803"/><sessioninfo id="Avas-MacBook-Air-3.local-3528c67f" start="1761000215916" dump="1761000216217"/><sessioninfo id="Avas-MacBook-Air-3.local-b28642b" start="1761000282608" dump="1761000282905"/><sessioninfo id="Avas-MacBook-Air-3.local-6fc5ec2f" start="1761000324523" dump="1761000324828"/><sessioninfo id="Avas-MacBook-Air-3.local-98d78af2" start="1761035007610" dump="1761035007928"/><sessioninfo id="Avas-MacBook-Air-3.local-b6fd26cb" start="1761035319392" dump="1761035319702"/><sessioninfo id="Avas-MacBook-Air-3.local-c678f217" start="1761035473532" dump="1761035473825"/><sessioninfo id="Avas-MacBook-Air-3.local-11625639" start="1761036217462" dump="1761036217778"/><sessioninfo id="Avas-MacBook-Air-3.local-49eb2a95" start="1761036299791" dump="1761036300100"/><sessioninfo id="Avas-MacBook-Air-3.local-cb7afd15" start="1761036627495" dump="1761036627811"/><sessioninfo id="Avas-MacBook-Air-3.local-345df586" start="1761036815555" dump="1761036815862"/><sessioninfo id="Avas-MacBook-Air-3.local-22ff654e" start="1761037544347" dump="1761037544654"/><sessioninfo id="Avas-MacBook-Air-3.local-88ea5809" start="1761037590013" dump="1761037590306"/><sessioninfo id="Avas-MacBook-Air-3.local-14369f12" start="1761075992650" dump="1761075992961"/><sessioninfo id="Avas-MacBook-Air-3.local-40c60891" start="1761076054546" dump="1761076054858"/><sessioninfo id="Avas-MacBook-Air-3.local-34640ca" start="1761077345896" dump="1761077346210"/><sessioninfo id="Avas-MacBook-Air-3.local-96488ae9" start="1761077399141" dump="1761077399451"/><sessioninfo id="Avas-MacBook-Air-3.local-46e8dc97" start="1761077456196" dump="1761077456493"/><sessioninfo id="Avas-MacBook-Air-3.local-9c3bb837" start="1761077480735" dump="1761077481039"/><sessioninfo id="Avas-MacBook-Air-3.local-c2e07d4f" start="1761077566038" dump="1761077566348"/><sessioninfo id="Avas-MacBook-Air-3.local-8478d1ad" start="1761077654320" dump="1761077654628"/><sessioninfo id="Avas-MacBook-Air-3.local-c66e14d6" start="1761077727657" dump="1761077727969"/><sessioninfo id="Avas-MacBook-Air-3.local-f1c8c01d" start="1761077740574" dump="1761077740878"/><sessioninfo id="Avas-MacBook-Air-3.local-fdcc0542" start="1761077977846" dump="1761077978166"/><sessioninfo id="Avas-MacBook-Air-3.local-8f261da8" start="1761079323218" dump="1761079323531"/><sessioninfo id="Avas-MacBook-Air-3.local-4021bbed" start="1761080740517" dump="1761080740846"/><sessioninfo id="Avas-MacBook-Air-3.local-110ca6d5" start="1761080880908" dump="1761080881228"/><sessioninfo id="Avas-MacBook-Air-3.local-3bb5725b" start="1761081026657" dump="1761081026966"/><sessioninfo id="Avas-MacBook-Air-3.local-923e9cef" start="1761081178883" dump="1761081179191"/><sessioninfo id="Avas-MacBook-Air-3.local-d96bbf03" start="1761081270768" dump="1761081271081"/><sessioninfo id="Avas-MacBook-Air-3.local-925c156f" start="1761082449392" dump="1761082449708"/><sessioninfo id="Avas-MacBook-Air-3.local-9ba44307" start="1761083580625" dump="1761083580946"/><sessioninfo id="Avas-MacBook-Air-3.local-4d6c4c73" start="1761083835187" dump="1761083835483"/><sessioninfo id="Avas-MacBook-Air-3.local-fff97006" start="1761084223024" dump="1761084223362"/><sessioninfo id="Avas-MacBook-Air-3.local-43517075" start="1761084346428" dump="1761084346744"/><sessioninfo id="Avas-MacBook-Air-3.local-6e1a441e" start="1761084532965" dump="1761084533279"/><sessioninfo id="Avas-MacBook-Air-3.local-40b9ede5" start="1761085794308" dump="1761085794633"/><sessioninfo id="Avas-MacBook-Air-3.local-823767d6" start="1761088771741" dump="1761088772061"/><sessioninfo id="Avas-MacBook-Air-3.local-d726dad2" start="1761089517665" dump="1761089517977"/><sessioninfo id="Avas-MacBook-Air-3.local-39ff0b8a" start="1761089732278" dump="1761089732583"/><sessioninfo id="Avas-MacBook-Air-3.local-e3789963" start="1761089774289" dump="1761089774595"/><sessioninfo id="Avas-MacBook-Air-3.local-3b0c25f1" start="1761090008924" dump="1761090009235"/><sessioninfo id="Avas-MacBook-Air-3.local-cf94497a" start="1761090210656" dump="1761090210964"/><package name="com/se300/ledger"><class name="com/se300/ledger/LedgerException" sourcefilename="LedgerException.java"><method name="&lt;init&gt;" desc="(Ljava/lang/String;Ljava/lang/String;)V" line="20"><counter type="INSTRUCTION" missed="0" covered="9"/><counter type="LINE" missed="0" covered="4"/><counter type="COMPLEXITY" missed="0" covered="1"/><counter type="METHOD" missed="0" covered="1"/></method><method name="getAction" desc="()Ljava/lang/String;" line="30"><counter type="INSTRUCTION" missed="3" covered="0"/><counter type="LINE" missed="1" covered="0"/><counter type="COMPLEXITY" missed="1" covered="0"/><counter type="METHOD" missed="1" covered="0"/></method><method name="setAction" desc="(Ljava/lang/String;)V" line="38"><counter type="INSTRUCTION" missed="4" covered="0"/><counter type="LINE" missed="2" covered="0"/><counter type="COMPLEXITY" missed="1" covered="0"/><counter type="METHOD" missed="1" covered="0"/></method><method name="getReason" desc="()Ljava/lang/String;" line="46"><counter type="INSTRUCTION" missed="0" covered="3"/><counter type="LINE" missed="0" covered="1"/><counter type="COMPLEXITY" missed="0" covered="1"/><counter type="METHOD" missed="0" covered="1"/></method><method name="setReason" desc="(Ljava/lang/String;)V" line="54"><counter type="INSTRUCTION" missed="4" covered="0"/><counter type="LINE" missed="2" covered="0"/><counter type="COMPLEXITY" missed="1" covered="0"/><counter type="METHOD" missed="1" covered="0"/></method><counter type="INSTRUCTION" missed="11" covered="12"/><counter type="LINE" missed="5" covered="5"/><counter type="COMPLEXITY" missed="3" covered="2"/><counter type="METHOD" missed="3" covered="2"/><counter type="CLASS" missed="0" covered="1"/></class><class name="com/se300/ledger/Transaction" sourcefilename="Transaction.java"><method name="&lt;init&gt;" desc="(Ljava/lang/String;Ljava/lang/Integer;Ljava/lang/Integer;Ljava/lang/String;Lcom/se300/ledger/Account;Lcom/se300/ledger/Account;)V" line="28"><counter type="INSTRUCTION" missed="0" covered="21"/><counter type="LINE" missed="0" covered="8"/><counter type="COMPLEXITY" missed="0" covered="1"/><counter type="METHOD" missed="0" covered="1"/></method><method name="getTransactionId" desc="()Ljava/lang/String;" line="42"><counter type="INSTRUCTION" missed="0" covered="3"/><counter type="LINE" missed="0" covered="1"/><counter type="COMPLEXITY" missed="0" covered="1"/><counter type="METHOD" missed="0" covered="1"/></method><method name="setTransactionId" desc="(Ljava/lang/String;)V" line="50"><counter type="INSTRUCTION" missed="4" covered="0"/><counter type="LINE" missed="2" covered="0"/><counter type="COMPLEXITY" missed="1" covered="0"/><counter type="METHOD" missed="1" covered="0"/></method><method name="getAmount" desc="()Ljava/lang/Integer;" line="58"><counter type="INSTRUCTION" missed="0" covered="3"/><counter type="LINE" missed="0" covered="1"/><counter type="COMPLEXITY" missed="0" covered="1"/><counter type="METHOD" missed="0" covered="1"/></method><method name="setAmount" desc="(Ljava/lang/Integer;)V" line="66"><counter type="INSTRUCTION" missed="4" covered="0"/><counter type="LINE" missed="2" covered="0"/><counter type="COMPLEXITY" missed="1" covered="0"/><counter type="METHOD" missed="1" covered="0"/></method><method name="getFee" desc="()Ljava/lang/Integer;" line="74"><counter type="INSTRUCTION" missed="0" covered="3"/><counter type="LINE" missed="0" covered="1"/><counter type="COMPLEXITY" missed="0" covered="1"/><counter type="METHOD" missed="0" covered="1"/></method><method name="setFee" desc="(Ljava/lang/Integer;)V" line="82"><counter type="INSTRUCTION" missed="4" covered="0"/><counter type="LINE" missed="2" covered="0"/><counter type="COMPLEXITY" missed="1" covered="0"/><counter type="METHOD" missed="1" covered="0"/></method><method name="getNote" desc="()Ljava/lang/String;" line="90"><counter type="INSTRUCTION" missed="0" covered="3"/><counter type="LINE" missed="0" covered="1"/><counter type="COMPLEXITY" missed="0" covered="1"/><counter type="METHOD" missed="0" covered="1"/></method><method name="setNote" desc="(Ljava/lang/String;)V" line="98"><counter type="INSTRUCTION" missed="4" covered="0"/><counter type="LINE" missed="2" covered="0"/><counter type="COMPLEXITY" missed="1" covered="0"/><counter type="METHOD" missed="1" covered="0"/></method><method name="getPayer" desc="()Lcom/se300/ledger/Account;" line="106"><counter type="INSTRUCTION" missed="0" covered="3"/><counter type="LINE" missed="0" covered="1"/><counter type="COMPLEXITY" missed="0" covered="1"/><counter type="METHOD" missed="0" covered="1"/></method><method name="setPayer" desc="(Lcom/se300/ledger/Account;)V" line="114"><counter type="INSTRUCTION" missed="4" covered="0"/><counter type="LINE" missed="2" covered="0"/><counter type="COMPLEXITY" missed="1" covered="0"/><counter type="METHOD" missed="1" covered="0"/></method><method name="getReceiver" desc="()Lcom/se300/ledger/Account;" line="122"><counter type="INSTRUCTION" missed="0" covered="3"/><counter type="LINE" missed="0" covered="1"/><counter type="COMPLEXITY" missed="0" covered="1"/><counter type="METHOD" missed="0" covered="1"/></method><method name="setReceiver" desc="(Lcom/se300/ledger/Account;)V" line="130"><counter type="INSTRUCTION" missed="4" covered="0"/><counter type="LINE" missed="2" covered="0"/><counter type="COMPLEXITY" missed="1" covered="0"/><counter type="METHOD" missed="1" covered="0"/></method><method name="toString" desc="()Ljava/lang/String;" line="139"><counter type="INSTRUCTION" missed="0" covered="16"/><counter type="LINE" missed="0" covered="3"/><counter type="COMPLEXITY" missed="0" covered="1"/><counter type="METHOD" missed="0" covered="1"/></method><counter type="INSTRUCTION" missed="24" covered="55"/><counter type="LINE" missed="12" covered="17"/><counter type="COMPLEXITY" missed="6" covered="8"/><counter type="METHOD" missed="6" covered="8"/><counter type="CLASS" missed="0" covered="1"/></class><class name="com/se300/ledger/Account" sourcefilename="Account.java"><method name="&lt;init&gt;" desc="(Ljava/lang/String;Ljava/lang/Integer;)V" line="20"><counter type="INSTRUCTION" missed="0" covered="9"/><counter type="LINE" missed="0" covered="4"/><counter type="COMPLEXITY" missed="0" covered="1"/><counter type="METHOD" missed="0" covered="1"/></method><method name="getAddress" desc="()Ljava/lang/String;" line="30"><counter type="INSTRUCTION" missed="0" covered="3"/><counter type="LINE" missed="0" covered="1"/><counter type="COMPLEXITY" missed="0" covered="1"/><counter type="METHOD" missed="0" covered="1"/></method><method name="setAddress" desc="(Ljava/lang/String;)V" line="38"><counter type="INSTRUCTION" missed="4" covered="0"/><counter type="LINE" missed="2" covered="0"/><counter type="COMPLEXITY" missed="1" covered="0"/><counter type="METHOD" missed="1" covered="0"/></method><method name="getBalance" desc="()I" line="46"><counter type="INSTRUCTION" missed="0" covered="4"/><counter type="LINE" missed="0" covered="1"/><counter type="COMPLEXITY" missed="0" covered="1"/><counter type="METHOD" missed="0" covered="1"/></method><method name="setBalance" desc="(Ljava/lang/Integer;)V" line="54"><counter type="INSTRUCTION" missed="0" covered="4"/><counter type="LINE" missed="0" covered="2"/><counter type="COMPLEXITY" missed="0" covered="1"/><counter type="METHOD" missed="0" covered="1"/></method><method name="clone" desc="()Ljava/lang/Object;" line="62"><counter type="INSTRUCTION" missed="8" covered="0"/><counter type="LINE" missed="1" covered="0"/><counter type="COMPLEXITY" missed="1" covered="0"/><counter type="METHOD" missed="1" covered="0"/></method><counter type="INSTRUCTION" missed="12" covered="20"/><counter type="LINE" missed="3" covered="8"/><counter type="COMPLEXITY" missed="2" covered="4"/><counter type="METHOD" missed="2" covered="4"/><counter type="CLASS" missed="0" covered="1"/></class><class name="com/se300/ledger/Block" sourcefilename="Block.java"><method name="&lt;init&gt;" desc="(ILjava/lang/String;)V" line="20"><counter type="INSTRUCTION" missed="0" covered="20"/><counter type="LINE" missed="0" covered="6"/><counter type="COMPLEXITY" missed="0" covered="1"/><counter type="METHOD" missed="0" covered="1"/></method><method name="getBlockNumber" desc="()Ljava/lang/Integer;" line="39"><counter type="INSTRUCTION" missed="0" covered="3"/><counter type="LINE" missed="0" covered="1"/><counter type="COMPLEXITY" missed="0" covered="1"/><counter type="METHOD" missed="0" covered="1"/></method><method name="setBlockNumber" desc="(Ljava/lang/Integer;)V" line="47"><counter type="INSTRUCTION" missed="4" covered="0"/><counter type="LINE" missed="2" covered="0"/><counter type="COMPLEXITY" missed="1" covered="0"/><counter type="METHOD" missed="1" covered="0"/></method><method name="getPreviousHash" desc="()Ljava/lang/String;" line="55"><counter type="INSTRUCTION" missed="0" covered="3"/><counter type="LINE" missed="0" covered="1"/><counter type="COMPLEXITY" missed="0" covered="1"/><counter type="METHOD" missed="0" covered="1"/></method><method name="setPreviousHash" desc="(Ljava/lang/String;)V" line="63"><counter type="INSTRUCTION" missed="4" covered="0"/><counter type="LINE" missed="2" covered="0"/><counter type="COMPLEXITY" missed="1" covered="0"/><counter type="METHOD" missed="1" covered="0"/></method><method name="getHash" desc="()Ljava/lang/String;" line="71"><counter type="INSTRUCTION" missed="0" covered="3"/><counter type="LINE" missed="0" covered="1"/><counter type="COMPLEXITY" missed="0" covered="1"/><counter type="METHOD" missed="0" covered="1"/></method><method name="setHash" desc="(Ljava/lang/String;)V" line="79"><counter type="INSTRUCTION" missed="0" covered="4"/><counter type="LINE" missed="0" covered="2"/><counter type="COMPLEXITY" missed="0" covered="1"/><counter type="METHOD" missed="0" covered="1"/></method><method name="getAccountBalanceMap" desc="()Ljava/util/Map;" line="87"><counter type="INSTRUCTION" missed="0" covered="3"/><counter type="LINE" missed="0" covered="1"/><counter type="COMPLEXITY" missed="0" covered="1"/><counter type="METHOD" missed="0" covered="1"/></method><method name="getTransactionList" desc="()Ljava/util/List;" line="95"><counter type="INSTRUCTION" missed="0" covered="3"/><counter type="LINE" missed="0" covered="1"/><counter type="COMPLEXITY" missed="0" covered="1"/><counter type="METHOD" missed="0" covered="1"/></method><method name="addAccount" desc="(Ljava/lang/String;Lcom/se300/ledger/Account;)V" line="104"><counter type="INSTRUCTION" missed="0" covered="7"/><counter type="LINE" missed="0" covered="2"/><counter type="COMPLEXITY" missed="0" covered="1"/><counter type="METHOD" missed="0" covered="1"/></method><method name="getAccount" desc="(Ljava/lang/String;)Lcom/se300/ledger/Account;" line="113"><counter type="INSTRUCTION" missed="0" covered="6"/><counter type="LINE" missed="0" covered="1"/><counter type="COMPLEXITY" missed="0" covered="1"/><counter type="METHOD" missed="0" covered="1"/></method><method name="getPreviousBlock" desc="()Lcom/se300/ledger/Block;" line="121"><counter type="INSTRUCTION" missed="0" covered="3"/><counter type="LINE" missed="0" covered="1"/><counter type="COMPLEXITY" missed="0" covered="1"/><counter type="METHOD" missed="0" covered="1"/></method><method name="setPreviousBlock" desc="(Lcom/se300/ledger/Block;)V" line="129"><counter type="INSTRUCTION" missed="0" covered="4"/><counter type="LINE" missed="0" covered="2"/><counter type="COMPLEXITY" missed="0" covered="1"/><counter type="METHOD" missed="0" covered="1"/></method><counter type="INSTRUCTION" missed="8" covered="59"/><counter type="LINE" missed="4" covered="19"/><counter type="COMPLEXITY" missed="2" covered="11"/><counter type="METHOD" missed="2" covered="11"/><counter type="CLASS" missed="0" covered="1"/></class><class name="com/se300/ledger/MerkleTrees" sourcefilename="MerkleTrees.java"><method name="&lt;init&gt;" desc="(Ljava/util/List;)V" line="22"><counter type="INSTRUCTION" missed="9" covered="0"/><counter type="LINE" missed="4" covered="0"/><counter type="COMPLEXITY" missed="1" covered="0"/><counter type="METHOD" missed="1" covered="0"/></method><method name="merkle_tree" desc="()V" line="28"><counter type="INSTRUCTION" missed="41" covered="0"/><counter type="BRANCH" missed="4" covered="0"/><counter type="LINE" missed="8" covered="0"/><counter type="COMPLEXITY" missed="3" covered="0"/><counter type="METHOD" missed="1" covered="0"/></method><method name="getNewTxList" desc="(Ljava/util/List;)Ljava/util/List;" line="44"><counter type="INSTRUCTION" missed="41" covered="0"/><counter type="BRANCH" missed="4" covered="0"/><counter type="LINE" missed="13" covered="0"/><counter type="COMPLEXITY" missed="3" covered="0"/><counter type="METHOD" missed="1" covered="0"/></method><method name="getSHA2HexValue" desc="(Ljava/lang/String;)Ljava/lang/String;" line="76"><counter type="INSTRUCTION" missed="56" covered="0"/><counter type="BRANCH" missed="2" covered="0"/><counter type="LINE" missed="10" covered="0"/><counter type="COMPLEXITY" missed="2" covered="0"/><counter type="METHOD" missed="1" covered="0"/></method><method name="getRoot" desc="()Ljava/lang/String;" line="97"><counter type="INSTRUCTION" missed="3" covered="0"/><counter type="LINE" missed="1" covered="0"/><counter type="COMPLEXITY" missed="1" covered="0"/><counter type="METHOD" missed="1" covered="0"/></method><counter type="INSTRUCTION" missed="150" covered="0"/><counter type="BRANCH" missed="10" covered="0"/><counter type="LINE" missed="36" covered="0"/><counter type="COMPLEXITY" missed="10" covered="0"/><counter type="METHOD" missed="5" covered="0"/><counter type="CLASS" missed="1" covered="0"/></class><class name="com/se300/ledger/Ledger" sourcefilename="Ledger.java"><method name="getInstance" desc="(Ljava/lang/String;Ljava/lang/String;Ljava/lang/String;)Lcom/se300/ledger/Ledger;" line="37"><counter type="INSTRUCTION" missed="0" covered="11"/><counter type="BRANCH" missed="0" covered="2"/><counter type="LINE" missed="0" covered="3"/><counter type="COMPLEXITY" missed="0" covered="2"/><counter type="METHOD" missed="0" covered="1"/></method><method name="&lt;init&gt;" desc="(Ljava/lang/String;Ljava/lang/String;Ljava/lang/String;)V" line="49"><counter type="INSTRUCTION" missed="0" covered="12"/><counter type="LINE" missed="0" covered="5"/><counter type="COMPLEXITY" missed="0" covered="1"/><counter type="METHOD" missed="0" covered="1"/></method><method name="isInitialized" desc="()Ljava/lang/Boolean;" line="60"><counter type="INSTRUCTION" missed="3" covered="5"/><counter type="BRANCH" missed="1" covered="1"/><counter type="LINE" missed="1" covered="2"/><counter type="COMPLEXITY" missed="1" covered="1"/><counter type="METHOD" missed="0" covered="1"/></method><method name="getName" desc="()Ljava/lang/String;" line="71"><counter type="INSTRUCTION" missed="3" covered="0"/><counter type="LINE" missed="1" covered="0"/><counter type="COMPLEXITY" missed="1" covered="0"/><counter type="METHOD" missed="1" covered="0"/></method><method name="setName" desc="(Ljava/lang/String;)V" line="79"><counter type="INSTRUCTION" missed="4" covered="0"/><counter type="LINE" missed="2" covered="0"/><counter type="COMPLEXITY" missed="1" covered="0"/><counter type="METHOD" missed="1" covered="0"/></method><method name="getDescription" desc="()Ljava/lang/String;" line="87"><counter type="INSTRUCTION" missed="3" covered="0"/><counter type="LINE" missed="1" covered="0"/><counter type="COMPLEXITY" missed="1" covered="0"/><counter type="METHOD" missed="1" covered="0"/></method><method name="setDescription" desc="(Ljava/lang/String;)V" line="95"><counter type="INSTRUCTION" missed="4" covered="0"/><counter type="LINE" missed="2" covered="0"/><counter type="COMPLEXITY" missed="1" covered="0"/><counter type="METHOD" missed="1" covered="0"/></method><method name="getSeed" desc="()Ljava/lang/String;" line="103"><counter type="INSTRUCTION" missed="3" covered="0"/><counter type="LINE" missed="1" covered="0"/><counter type="COMPLEXITY" missed="1" covered="0"/><counter type="METHOD" missed="1" covered="0"/></method><method name="setSeed" desc="(Ljava/lang/String;)V" line="111"><counter type="INSTRUCTION" missed="4" covered="0"/><counter type="LINE" missed="2" covered="0"/><counter type="COMPLEXITY" missed="1" covered="0"/><counter type="METHOD" missed="1" covered="0"/></method><method name="createAccount" desc="(Ljava/lang/String;)Lcom/se300/ledger/Account;" line="121"><counter type="INSTRUCTION" missed="0" covered="23"/><counter type="BRANCH" missed="0" covered="2"/><counter type="LINE" missed="0" covered="5"/><counter type="COMPLEXITY" missed="0" covered="2"/><counter type="METHOD" missed="0" covered="1"/></method><method name="processTransaction" desc="(Lcom/se300/ledger/Transaction;)Ljava/lang/String;" line="139"><counter type="INSTRUCTION" missed="103" covered="94"/><counter type="BRANCH" missed="8" covered="10"/><counter type="LINE" missed="21" covered="16"/><counter type="COMPLEXITY" missed="6" covered="4"/><counter type="METHOD" missed="0" covered="1"/></method><method name="getAccountBalance" desc="(Ljava/lang/String;)Ljava/lang/Integer;" line="215"><counter type="INSTRUCTION" missed="30" covered="0"/><counter type="BRANCH" missed="4" covered="0"/><counter type="LINE" missed="7" covered="0"/><counter type="COMPLEXITY" missed="3" covered="0"/><counter type="METHOD" missed="1" covered="0"/></method><method name="getAccountBalances" desc="()Ljava/util/Map;" line="234"><counter type="INSTRUCTION" missed="44" covered="0"/><counter type="BRANCH" missed="4" covered="0"/><counter type="LINE" missed="10" covered="0"/><counter type="COMPLEXITY" missed="3" covered="0"/><counter type="METHOD" missed="1" covered="0"/></method><method name="getBlock" desc="(Ljava/lang/Integer;)Lcom/se300/ledger/Block;" line="256"><counter type="INSTRUCTION" missed="15" covered="0"/><counter type="BRANCH" missed="2" covered="0"/><counter type="LINE" missed="4" covered="0"/><counter type="COMPLEXITY" missed="2" covered="0"/><counter type="METHOD" missed="1" covered="0"/></method><method name="getTransaction" desc="(Ljava/lang/String;)Lcom/se300/ledger/Transaction;" line="270"><counter type="INSTRUCTION" missed="28" covered="28"/><counter type="BRANCH" missed="5" covered="5"/><counter type="LINE" missed="6" covered="6"/><counter type="COMPLEXITY" missed="3" covered="3"/><counter type="METHOD" missed="0" covered="1"/></method><method name="getNumberOfBlocks" desc="()I" line="294"><counter type="INSTRUCTION" missed="3" covered="0"/><counter type="LINE" missed="1" covered="0"/><counter type="COMPLEXITY" missed="1" covered="0"/><counter type="METHOD" missed="1" covered="0"/></method><method name="validate" desc="()V" line="305"><counter type="INSTRUCTION" missed="116" covered="9"/><counter type="BRANCH" missed="15" covered="1"/><counter type="LINE" missed="25" covered="2"/><counter type="COMPLEXITY" missed="8" covered="1"/><counter type="METHOD" missed="0" covered="1"/></method><method name="getUncommittedBlock" desc="()Lcom/se300/ledger/Block;" line="355"><counter type="INSTRUCTION" missed="0" covered="2"/><counter type="LINE" missed="0" covered="1"/><counter type="COMPLEXITY" missed="0" covered="1"/><counter type="METHOD" missed="0" covered="1"/></method><method name="reset" desc="()V" line="362"><counter type="INSTRUCTION" missed="0" covered="20"/><counter type="LINE" missed="0" covered="4"/><counter type="COMPLEXITY" missed="0" covered="1"/><counter type="METHOD" missed="0" covered="1"/></method><method name="&lt;clinit&gt;" desc="()V" line="24"><counter type="INSTRUCTION" missed="0" covered="20"/><counter type="LINE" missed="0" covered="4"/><counter type="COMPLEXITY" missed="0" covered="1"/><counter type="METHOD" missed="0" covered="1"/></method><counter type="INSTRUCTION" missed="363" covered="224"/><counter type="BRANCH" missed="39" covered="21"/><counter type="LINE" missed="84" covered="48"/><counter type="COMPLEXITY" missed="33" covered="17"/><counter type="METHOD" missed="10" covered="10"/><counter type="CLASS" missed="0" covered="1"/></class><sourcefile name="Ledger.java"><line nr="24" mi="0" ci="4" mb="0" cb="0"/><line nr="25" mi="0" ci="6" mb="0" cb="0"/><line nr="26" mi="0" ci="9" mb="0" cb="0"/><line nr="27" mi="0" ci="1" mb="0" cb="0"/><line nr="37" mi="0" ci="2" mb="0" cb="2"/><line nr="38" mi="0" ci="7" mb="0" cb="0"/><line nr="40" mi="0" ci="2" mb="0" cb="0"/><line nr="49" mi="0" ci="2" mb="0" cb="0"/><line nr="50" mi="0" ci="3" mb="0" cb="0"/><line nr="51" mi="0" ci="3" mb="0" cb="0"/><line nr="52" mi="0" ci="3" mb="0" cb="0"/><line nr="53" mi="0" ci="1" mb="0" cb="0"/><line nr="60" mi="0" ci="2" mb="1" cb="1"/><line nr="61" mi="3" ci="0" mb="0" cb="0"/><line nr="63" mi="0" ci="3" mb="0" cb="0"/><line nr="71" mi="3" ci="0" mb="0" cb="0"/><line nr="79" mi="3" ci="0" mb="0" cb="0"/><line nr="80" mi="1" ci="0" mb="0" cb="0"/><line nr="87" mi="3" ci="0" mb="0" cb="0"/><line nr="95" mi="3" ci="0" mb="0" cb="0"/><line nr="96" mi="1" ci="0" mb="0" cb="0"/><line nr="103" mi="3" ci="0" mb="0" cb="0"/><line nr="111" mi="3" ci="0" mb="0" cb="0"/><line nr="112" mi="1" ci="0" mb="0" cb="0"/><line nr="121" mi="0" ci="4" mb="0" cb="2"/><line nr="122" mi="0" ci="6" mb="0" cb="0"/><line nr="125" mi="0" ci="7" mb="0" cb="0"/><line nr="126" mi="0" ci="4" mb="0" cb="0"/><line nr="127" mi="0" ci="2" mb="0" cb="0"/><line nr="139" mi="0" ci="9" mb="2" cb="2"/><line nr="140" mi="6" ci="0" mb="0" cb="0"/><line nr="141" mi="0" ci="5" mb="0" cb="2"/><line nr="142" mi="0" ci="6" mb="0" cb="0"/><line nr="143" mi="0" ci="5" mb="1" cb="1"/><line nr="144" mi="6" ci="0" mb="0" cb="0"/><line nr="147" mi="0" ci="5" mb="0" cb="2"/><line nr="148" mi="0" ci="6" mb="0" cb="0"/><line nr="151" mi="0" ci="3" mb="0" cb="0"/><line nr="152" mi="0" ci="3" mb="0" cb="0"/><line nr="154" mi="0" ci="11" mb="0" cb="2"/><line nr="155" mi="0" ci="6" mb="0" cb="0"/><line nr="158" mi="0" ci="6" mb="0" cb="0"/><line nr="159" mi="0" ci="7" mb="0" cb="0"/><line nr="161" mi="0" ci="9" mb="0" cb="0"/><line nr="163" mi="0" ci="5" mb="0" cb="0"/><line nr="166" mi="0" ci="5" mb="1" cb="1"/><line nr="168" mi="4" ci="0" mb="0" cb="0"/><line nr="169" mi="5" ci="0" mb="0" cb="0"/><line nr="172" mi="11" ci="0" mb="2" cb="0"/><line nr="173" mi="5" ci="0" mb="0" cb="0"/><line nr="174" mi="1" ci="0" mb="0" cb="0"/><line nr="176" mi="5" ci="0" mb="0" cb="0"/><line nr="177" mi="2" ci="0" mb="0" cb="0"/><line nr="178" mi="4" ci="0" mb="0" cb="0"/><line nr="181" mi="6" ci="0" mb="0" cb="0"/><line nr="184" mi="5" ci="0" mb="0" cb="0"/><line nr="185" mi="3" ci="0" mb="0" cb="0"/><line nr="188" mi="6" ci="0" mb="0" cb="0"/><line nr="191" mi="8" ci="0" mb="0" cb="0"/><line nr="192" mi="3" ci="0" mb="0" cb="0"/><line nr="195" mi="10" ci="0" mb="2" cb="0"/><line nr="196" mi="4" ci="0" mb="0" cb="0"/><line nr="197" mi="5" ci="0" mb="0" cb="0"/><line nr="198" mi="1" ci="0" mb="0" cb="0"/><line nr="201" mi="3" ci="0" mb="0" cb="0"/><line nr="204" mi="0" ci="3" mb="0" cb="0"/><line nr="215" mi="3" ci="0" mb="2" cb="0"/><line nr="216" mi="6" ci="0" mb="0" cb="0"/><line nr="219" mi="5" ci="0" mb="0" cb="0"/><line nr="220" mi="4" ci="0" mb="0" cb="0"/><line nr="222" mi="2" ci="0" mb="2" cb="0"/><line nr="223" mi="6" ci="0" mb="0" cb="0"/><line nr="225" mi="4" ci="0" mb="0" cb="0"/><line nr="234" mi="3" ci="0" mb="2" cb="0"/><line nr="235" mi="2" ci="0" mb="0" cb="0"/><line nr="237" mi="5" ci="0" mb="0" cb="0"/><line nr="238" mi="3" ci="0" mb="0" cb="0"/><line nr="240" mi="4" ci="0" mb="0" cb="0"/><line nr="241" mi="6" ci="0" mb="0" cb="0"/><line nr="243" mi="10" ci="0" mb="2" cb="0"/><line nr="244" mi="8" ci="0" mb="0" cb="0"/><line nr="245" mi="1" ci="0" mb="0" cb="0"/><line nr="247" mi="2" ci="0" mb="0" cb="0"/><line nr="256" mi="5" ci="0" mb="0" cb="0"/><line nr="257" mi="2" ci="0" mb="2" cb="0"/><line nr="258" mi="6" ci="0" mb="0" cb="0"/><line nr="260" mi="2" ci="0" mb="0" cb="0"/><line nr="270" mi="4" ci="7" mb="1" cb="1"/><line nr="273" mi="4" ci="0" mb="0" cb="0"/><line nr="274" mi="11" ci="0" mb="2" cb="0"/><line nr="275" mi="5" ci="0" mb="2" cb="0"/><line nr="276" mi="2" ci="0" mb="0" cb="0"/><line nr="278" mi="1" ci="0" mb="0" cb="0"/><line nr="279" mi="1" ci="0" mb="0" cb="0"/><line nr="281" mi="0" ci="11" mb="0" cb="2"/><line nr="282" mi="0" ci="5" mb="0" cb="2"/><line nr="283" mi="0" ci="2" mb="0" cb="0"/><line nr="285" mi="0" ci="1" mb="0" cb="0"/><line nr="286" mi="0" ci="2" mb="0" cb="0"/><line nr="294" mi="3" ci="0" mb="0" cb="0"/><line nr="305" mi="0" ci="3" mb="1" cb="1"/><line nr="306" mi="0" ci="6" mb="0" cb="0"/><line nr="309" mi="5" ci="0" mb="0" cb="0"/><line nr="310" mi="3" ci="0" mb="0" cb="0"/><line nr="311" mi="6" ci="0" mb="0" cb="0"/><line nr="313" mi="2" ci="0" mb="0" cb="0"/><line nr="314" mi="10" ci="0" mb="2" cb="0"/><line nr="315" mi="5" ci="0" mb="0" cb="0"/><line nr="316" mi="1" ci="0" mb="0" cb="0"/><line nr="318" mi="2" ci="0" mb="0" cb="0"/><line nr="320" mi="11" ci="0" mb="2" cb="0"/><line nr="321" mi="5" ci="0" mb="0" cb="0"/><line nr="324" mi="5" ci="0" mb="2" cb="0"/><line nr="325" mi="7" ci="0" mb="2" cb="0"/><line nr="326" mi="4" ci="0" mb="0" cb="0"/><line nr="327" mi="4" ci="0" mb="0" cb="0"/><line nr="331" mi="5" ci="0" mb="2" cb="0"/><line nr="332" mi="4" ci="0" mb="0" cb="0"/><line nr="333" mi="4" ci="0" mb="0" cb="0"/><line nr="336" mi="11" ci="0" mb="2" cb="0"/><line nr="337" mi="6" ci="0" mb="0" cb="0"/><line nr="338" mi="1" ci="0" mb="0" cb="0"/><line nr="339" mi="1" ci="0" mb="0" cb="0"/><line nr="341" mi="4" ci="0" mb="0" cb="0"/><line nr="344" mi="3" ci="0" mb="2" cb="0"/><line nr="345" mi="6" ci="0" mb="0" cb="0"/><line nr="348" mi="1" ci="0" mb="0" cb="0"/><line nr="355" mi="0" ci="2" mb="0" cb="0"/><line nr="362" mi="0" ci="4" mb="0" cb="0"/><line nr="363" mi="0" ci="6" mb="0" cb="0"/><line nr="364" mi="0" ci="9" mb="0" cb="0"/><line nr="365" mi="0" ci="1" mb="0" cb="0"/><counter type="INSTRUCTION" missed="363" covered="224"/><counter type="BRANCH" missed="39" covered="21"/><counter type="LINE" missed="84" covered="48"/><counter type="COMPLEXITY" missed="33" covered="17"/><counter type="METHOD" missed="10" covered="10"/><counter type="CLASS" missed="0" covered="1"/></sourcefile><sourcefile name="MerkleTrees.java"><line nr="22" mi="2" ci="0" mb="0" cb="0"/><line nr="23" mi="3" ci="0" mb="0" cb="0"/><line nr="24" mi="3" ci="0" mb="0" cb="0"/><line nr="25" mi="1" ci="0" mb="0" cb="0"/><line nr="28" mi="4" ci="0" mb="0" cb="0"/><line nr="30" mi="9" ci="0" mb="2" cb="0"/><line nr="31" mi="8" ci="0" mb="0" cb="0"/><line nr="34" mi="4" ci="0" mb="0" cb="0"/><line nr="35" mi="4" ci="0" mb="2" cb="0"/><line nr="36" mi="5" ci="0" mb="0" cb="0"/><line nr="39" mi="6" ci="0" mb="0" cb="0"/><line nr="40" mi="1" ci="0" mb="0" cb="0"/><line nr="44" mi="4" ci="0" mb="0" cb="0"/><line nr="45" mi="2" ci="0" mb="0" cb="0"/><line nr="46" mi="4" ci="0" mb="2" cb="0"/><line nr="48" mi="5" ci="0" mb="0" cb="0"/><line nr="49" mi="1" ci="0" mb="0" cb="0"/><line nr="52" mi="2" ci="0" mb="0" cb="0"/><line nr="53" mi="4" ci="0" mb="2" cb="0"/><line nr="54" mi="5" ci="0" mb="0" cb="0"/><line nr="58" mi="6" ci="0" mb="0" cb="0"/><line nr="59" mi="4" ci="0" mb="0" cb="0"/><line nr="60" mi="1" ci="0" mb="0" cb="0"/><line nr="62" mi="1" ci="0" mb="0" cb="0"/><line nr="64" mi="2" ci="0" mb="0" cb="0"/><line nr="76" mi="3" ci="0" mb="0" cb="0"/><line nr="77" mi="4" ci="0" mb="0" cb="0"/><line nr="78" mi="3" ci="0" mb="0" cb="0"/><line nr="79" mi="8" ci="0" mb="0" cb="0"/><line nr="80" mi="16" ci="0" mb="2" cb="0"/><line nr="81" mi="14" ci="0" mb="0" cb="0"/><line nr="83" mi="3" ci="0" mb="0" cb="0"/><line nr="84" mi="1" ci="0" mb="0" cb="0"/><line nr="85" mi="2" ci="0" mb="0" cb="0"/><line nr="88" mi="2" ci="0" mb="0" cb="0"/><line nr="97" mi="3" ci="0" mb="0" cb="0"/><counter type="INSTRUCTION" missed="150" covered="0"/><counter type="BRANCH" missed="10" covered="0"/><counter type="LINE" missed="36" covered="0"/><counter type="COMPLEXITY" missed="10" covered="0"/><counter type="METHOD" missed="5" covered="0"/><counter type="CLASS" missed="1" covered="0"/></sourcefile><sourcefile name="Account.java"><line nr="20" mi="0" ci="2" mb="0" cb="0"/><line nr="21" mi="0" ci="3" mb="0" cb="0"/><line nr="22" mi="0" ci="3" mb="0" cb="0"/><line nr="23" mi="0" ci="1" mb="0" cb="0"/><line nr="30" mi="0" ci="3" mb="0" cb="0"/><line nr="38" mi="3" ci="0" mb="0" cb="0"/><line nr="39" mi="1" ci="0" mb="0" cb="0"/><line nr="46" mi="0" ci="4" mb="0" cb="0"/><line nr="54" mi="0" ci="3" mb="0" cb="0"/><line nr="55" mi="0" ci="1" mb="0" cb="0"/><line nr="62" mi="8" ci="0" mb="0" cb="0"/><counter type="INSTRUCTION" missed="12" covered="20"/><counter type="LINE" missed="3" covered="8"/><counter type="COMPLEXITY" missed="2" covered="4"/><counter type="METHOD" missed="2" covered="4"/><counter type="CLASS" missed="0" covered="1"/></sourcefile><sourcefile name="LedgerException.java"><line nr="20" mi="0" ci="2" mb="0" cb="0"/><line nr="21" mi="0" ci="3" mb="0" cb="0"/><line nr="22" mi="0" ci="3" mb="0" cb="0"/><line nr="23" mi="0" ci="1" mb="0" cb="0"/><line nr="30" mi="3" ci="0" mb="0" cb="0"/><line nr="38" mi="3" ci="0" mb="0" cb="0"/><line nr="39" mi="1" ci="0" mb="0" cb="0"/><line nr="46" mi="0" ci="3" mb="0" cb="0"/><line nr="54" mi="3" ci="0" mb="0" cb="0"/><line nr="55" mi="1" ci="0" mb="0" cb="0"/><counter type="INSTRUCTION" missed="11" covered="12"/><counter type="LINE" missed="5" covered="5"/><counter type="COMPLEXITY" missed="3" covered="2"/><counter type="METHOD" missed="3" covered="2"/><counter type="CLASS" missed="0" covered="1"/></sourcefile><sourcefile name="Block.java"><line nr="20" mi="0" ci="5" mb="0" cb="0"/><line nr="21" mi="0" ci="5" mb="0" cb="0"/><line nr="29" mi="0" ci="2" mb="0" cb="0"/><line nr="30" mi="0" ci="4" mb="0" cb="0"/><line nr="31" mi="0" ci="3" mb="0" cb="0"/><line nr="32" mi="0" ci="1" mb="0" cb="0"/><line nr="39" mi="0" ci="3" mb="0" cb="0"/><line nr="47" mi="3" ci="0" mb="0" cb="0"/><line nr="48" mi="1" ci="0" mb="0" cb="0"/><line nr="55" mi="0" ci="3" mb="0" cb="0"/><line nr="63" mi="3" ci="0" mb="0" cb="0"/><line nr="64" mi="1" ci="0" mb="0" cb="0"/><line nr="71" mi="0" ci="3" mb="0" cb="0"/><line nr="79" mi="0" ci="3" mb="0" cb="0"/><line nr="80" mi="0" ci="1" mb="0" cb="0"/><line nr="87" mi="0" ci="3" mb="0" cb="0"/><line nr="95" mi="0" ci="3" mb="0" cb="0"/><line nr="104" mi="0" ci="6" mb="0" cb="0"/><line nr="105" mi="0" ci="1" mb="0" cb="0"/><line nr="113" mi="0" ci="6" mb="0" cb="0"/><line nr="121" mi="0" ci="3" mb="0" cb="0"/><line nr="129" mi="0" ci="3" mb="0" cb="0"/><line nr="130" mi="0" ci="1" mb="0" cb="0"/><counter type="INSTRUCTION" missed="8" covered="59"/><counter type="LINE" missed="4" covered="19"/><counter type="COMPLEXITY" missed="2" covered="11"/><counter type="METHOD" missed="2" covered="11"/><counter type="CLASS" missed="0" covered="1"/></sourcefile><sourcefile name="Transaction.java"><line nr="28" mi="0" ci="2" mb="0" cb="0"/><line nr="29" mi="0" ci="3" mb="0" cb="0"/><line nr="30" mi="0" ci="3" mb="0" cb="0"/><line nr="31" mi="0" ci="3" mb="0" cb="0"/><line nr="32" mi="0" ci="3" mb="0" cb="0"/><line nr="33" mi="0" ci="3" mb="0" cb="0"/><line nr="34" mi="0" ci="3" mb="0" cb="0"/><line nr="35" mi="0" ci="1" mb="0" cb="0"/><line nr="42" mi="0" ci="3" mb="0" cb="0"/><line nr="50" mi="3" ci="0" mb="0" cb="0"/><line nr="51" mi="1" ci="0" mb="0" cb="0"/><line nr="58" mi="0" ci="3" mb="0" cb="0"/><line nr="66" mi="3" ci="0" mb="0" cb="0"/><line nr="67" mi="1" ci="0" mb="0" cb="0"/><line nr="74" mi="0" ci="3" mb="0" cb="0"/><line nr="82" mi="3" ci="0" mb="0" cb="0"/><line nr="83" mi="1" ci="0" mb="0" cb="0"/><line nr="90" mi="0" ci="3" mb="0" cb="0"/><line nr="98" mi="3" ci="0" mb="0" cb="0"/><line nr="99" mi="1" ci="0" mb="0" cb="0"/><line nr="106" mi="0" ci="3" mb="0" cb="0"/><line nr="114" mi="3" ci="0" mb="0" cb="0"/><line nr="115" mi="1" ci="0" mb="0" cb="0"/><line nr="122" mi="0" ci="3" mb="0" cb="0"/><line nr="130" mi="3" ci="0" mb="0" cb="0"/><line nr="131" mi="1" ci="0" mb="0" cb="0"/><line nr="139" mi="0" ci="11" mb="0" cb="0"/><line nr="143" mi="0" ci="3" mb="0" cb="0"/><line nr="144" mi="0" ci="2" mb="0" cb="0"/><counter type="INSTRUCTION" missed="24" covered="55"/><counter type="LINE" missed="12" covered="17"/><counter type="COMPLEXITY" missed="6" covered="8"/><counter type="METHOD" missed="6" covered="8"/><counter type="CLASS" missed="0" covered="1"/></sourcefile><counter type="INSTRUCTION" missed="568" covered="370"/><counter type="BRANCH" missed="49" covered="21"/><counter type="LINE" missed="144" covered="97"/><counter type="COMPLEXITY" missed="56" covered="42"/><counter type="METHOD" missed="28" covered="35"/><counter type="CLASS" missed="1" covered="5"/></package><counter type="INSTRUCTION" missed="568" covered="370"/><counter type="BRANCH" missed="49" covered="21"/><counter type="LINE" missed="144" covered="97"/><counter type="COMPLEXITY" missed="56" covered="42"/><counter type="METHOD" missed="28" covered="35"/><counter type="CLASS" missed="1" covered="5"/></report>