GROUP,PACKAGE,CLASS,INSTRUCTION_MISSED,INSTRUCTION_COVERED,BRANCH_MISSED,BRANCH_COVERED,LINE_MISSED,LINE_COVERED,COMPLEXITY_MISSED,COMPLEXITY_COVERED,METHOD_MISSED,METHOD_COVERED
Assignment2,com.se300.ledger,LedgerException,23,0,0,0,10,0,5,0,5,0
Assignment2,com.se300.ledger,Transaction,79,0,0,0,29,0,14,0,14,0
Assignment2,com.se300.ledger,Account,0,32,0,0,0,11,0,6,0,6
Assignment2,com.se300.ledger,Block,34,33,0,0,14,9,10,3,10,3
Assignment2,com.se300.ledger,MerkleTrees,150,0,10,0,36,0,10,0,5,0
Assignment2,com.se300.ledger,Ledger,499,80,55,3,109,20,42,6,14,5
