<?xml version="1.0" encoding="UTF-8"?>
<testsuite xmlns:xsi="http://www.w3.org/2001/XMLSchema-instance" xsi:noNamespaceSchemaLocation="https://maven.apache.org/surefire/maven-surefire-plugin/xsd/surefire-test-report.xsd" version="3.0.2" name="com.se300.ledger.complete.CompleteTest" time="0.043" tests="4" errors="0" skipped="0" failures="0">
  <properties>
[...]
</properties>
  <testcase name="parameterizedValueSourcesTest(String)[1]" classname="com.se300.ledger.complete.CompleteTest" time="0.012"/>
  <testcase name="parameterizedValueSourcesTest(String)[2]" classname="com.se300.ledger.complete.CompleteTest" time="0.0"/>
  <testcase name="parameterizedValueSourcesTest(String)[3]" classname="com.se300.ledger.complete.CompleteTest" time="0.0"/>
  <testcase name="parameterizedValueSourcesTest(String)[4]" classname="com.se300.ledger.complete.CompleteTest" time="0.0"/>
</testsuite>